<?xml version="1.0" encoding="UTF-8"?>
<testng-results skipped="0" failed="0" total="1" passed="1">
  <reporter-output>
  </reporter-output>
  <suite name="Default suite" duration-ms="17503" started-at="2022-06-03T11:32:32Z" finished-at="2022-06-03T11:32:50Z">
    <groups>
    </groups>
    <test name="Default test" duration-ms="17503" started-at="2022-06-03T11:32:32Z" finished-at="2022-06-03T11:32:50Z">
      <class name="TestCase1">
        <test-method status="PASS" signature="testcase1()[pri:0, instance:TestCase1@c39f790]" name="testcase1" duration-ms="17473" started-at="2022-06-03T19:32:32Z" finished-at="2022-06-03T19:32:50Z">
          <reporter-output>
          </reporter-output>
        </test-method> <!-- testcase1 -->
      </class> <!-- TestCase1 -->
    </test> <!-- Default test -->
  </suite> <!-- Default suite -->
</testng-results>
